<?xml version="1.0" encoding="UTF-8"?>
<!-- Generated by org.testng.reporters.JUnitXMLReporter -->
<testsuite ignored="0" hostname="LAPTOP-VKAG1RPA" failures="0" tests="1" name="ValidateHomeButton" time="0.086" errors="0" timestamp="2020-10-13T17:35:34 IST">
  <testcase classname="Academy.ValidateHomeButton" name="@BeforeTest initialize" time="0.013">
    <failure type="java.lang.NullPointerException">
      <![CDATA[java.lang.NullPointerException
at resources.Base.initializeDriver(Base.java:36)
at Academy.ValidateHomeButton.initialize(ValidateHomeButton.java:27)
at java.base/java.util.concurrent.FutureTask.run(FutureTask.java:264)
at java.base/java.util.concurrent.ThreadPoolExecutor.runWorker(ThreadPoolExecutor.java:1128)
at java.base/java.util.concurrent.ThreadPoolExecutor$Worker.run(ThreadPoolExecutor.java:628)
at java.base/java.lang.Thread.run(Thread.java:834)
... Removed 15 stack frames]]>
    </failure>
  </testcase> <!-- @BeforeTest initialize -->
  <testcase classname="Academy.ValidateHomeButton" name="@AfterTest tearDown" time="-1.602590734954E9">
    <skipped/>
  </testcase> <!-- @AfterTest tearDown -->
  <testcase classname="Academy.ValidateHomeButton" name="validateHome" time="0.0">
    <skipped/>
  </testcase> <!-- validateHome -->
</testsuite> <!-- ValidateHomeButton -->
