<?xml version="1.0" encoding="UTF-8"?>
<!-- Generated by org.testng.reporters.JUnitXMLReporter -->
<testsuite ignored="0" hostname="LAPTOP-VKAG1RPA" failures="0" tests="2" name="ValidateTitle" time="0.101" errors="0" timestamp="2020-10-13T17:35:34 IST">
  <testcase classname="Academy.ValidateTitle" name="@BeforeTest initialize" time="0.013">
    <failure type="java.lang.NullPointerException">
      <![CDATA[java.lang.NullPointerException
at resources.Base.initializeDriver(Base.java:36)
at Academy.ValidateTitle.initialize(ValidateTitle.java:25)
at java.base/java.util.concurrent.FutureTask.run(FutureTask.java:264)
at java.base/java.util.concurrent.ThreadPoolExecutor.runWorker(ThreadPoolExecutor.java:1128)
at java.base/java.util.concurrent.ThreadPoolExecutor$Worker.run(ThreadPoolExecutor.java:628)
at java.base/java.lang.Thread.run(Thread.java:834)
... Removed 15 stack frames]]>
    </failure>
  </testcase> <!-- @BeforeTest initialize -->
  <testcase classname="Academy.HomePageNavigation" name="@BeforeTest initialize" time="0.013">
    <failure type="java.lang.NullPointerException">
      <![CDATA[java.lang.NullPointerException
at resources.Base.initializeDriver(Base.java:36)
at Academy.HomePageNavigation.initialize(HomePageNavigation.java:28)
at java.base/java.util.concurrent.FutureTask.run(FutureTask.java:264)
at java.base/java.util.concurrent.ThreadPoolExecutor.runWorker(ThreadPoolExecutor.java:1128)
at java.base/java.util.concurrent.ThreadPoolExecutor$Worker.run(ThreadPoolExecutor.java:628)
at java.base/java.lang.Thread.run(Thread.java:834)
... Removed 15 stack frames]]>
    </failure>
  </testcase> <!-- @BeforeTest initialize -->
  <testcase classname="Academy.HomePageNavigation" name="@AfterTest tearDown" time="-1.602590734955E9">
    <skipped/>
  </testcase> <!-- @AfterTest tearDown -->
  <testcase classname="Academy.ValidateTitle" name="@AfterTest tearDown" time="-1.60259073496E9">
    <skipped/>
  </testcase> <!-- @AfterTest tearDown -->
  <testcase classname="Academy.ValidateTitle" name="getHeader" time="0.0">
    <skipped/>
  </testcase> <!-- getHeader -->
  <testcase classname="Academy.ValidateTitle" name="getTitle" time="0.0">
    <skipped/>
  </testcase> <!-- getTitle -->
</testsuite> <!-- ValidateTitle -->
