<?xml version="1.0" encoding="UTF-8"?>
<!-- Generated by org.testng.reporters.JUnitXMLReporter -->
<testsuite ignored="0" hostname="LAPTOP-VKAG1RPA" failures="1" tests="2" name="ValidateTitle" time="20.406" errors="0" timestamp="2020-10-13T17:34:23 IST">
  <testcase classname="Academy.ValidateTitle" name="getHeader" time="0.001">
    <failure type="java.lang.NullPointerException">
      <![CDATA[java.lang.NullPointerException
at Academy.ValidateTitle.getHeader(ValidateTitle.java:44)
at java.base/java.util.ArrayList.forEach(ArrayList.java:1541)
at java.base/java.util.concurrent.FutureTask.run(FutureTask.java:264)
at java.base/java.util.concurrent.ThreadPoolExecutor.runWorker(ThreadPoolExecutor.java:1128)
at java.base/java.util.concurrent.ThreadPoolExecutor$Worker.run(ThreadPoolExecutor.java:628)
at java.base/java.lang.Thread.run(Thread.java:834)
... Removed 18 stack frames]]>
    </failure>
  </testcase> <!-- getHeader -->
  <testcase classname="Academy.ValidateTitle" name="getTitle" time="0.032"/>
</testsuite> <!-- ValidateTitle -->
